C:\Project\GreenStarApp\GreenStarApp\dist\out-tsc\src\app\app.component.js
C:\Project\GreenStarApp\GreenStarApp\dist\out-tsc\src\app\app.component.js.map
C:\Project\GreenStarApp\GreenStarApp\dist\out-tsc\src\studentDatas\shared\studentData.model.js
C:\Project\GreenStarApp\GreenStarApp\dist\out-tsc\src\studentDatas\shared\studentData.model.js.map
C:\Project\GreenStarApp\GreenStarApp\dist\out-tsc\src\common\appconstants.js
C:\Project\GreenStarApp\GreenStarApp\dist\out-tsc\src\common\appconstants.js.map
C:\Project\GreenStarApp\GreenStarApp\dist\out-tsc\src\YearInfos\shared\YearInfo.model.js
C:\Project\GreenStarApp\GreenStarApp\dist\out-tsc\src\YearInfos\shared\YearInfo.model.js.map
C:\Project\GreenStarApp\GreenStarApp\dist\out-tsc\src\MonthInfos\shared\MonthInfo.model.js
C:\Project\GreenStarApp\GreenStarApp\dist\out-tsc\src\MonthInfos\shared\MonthInfo.model.js.map
C:\Project\GreenStarApp\GreenStarApp\dist\out-tsc\src\DayInfos\shared\DayInfo.model.js
C:\Project\GreenStarApp\GreenStarApp\dist\out-tsc\src\DayInfos\shared\DayInfo.model.js.map
C:\Project\GreenStarApp\GreenStarApp\dist\out-tsc\src\Students\shared\Student.model.js
C:\Project\GreenStarApp\GreenStarApp\dist\out-tsc\src\Students\shared\Student.model.js.map
C:\Project\GreenStarApp\GreenStarApp\dist\out-tsc\src\Parameters\shared\Parameter.model.js
C:\Project\GreenStarApp\GreenStarApp\dist\out-tsc\src\Parameters\shared\Parameter.model.js.map
C:\Project\GreenStarApp\GreenStarApp\dist\out-tsc\src\studentDatas\shared\studentData.service.js
C:\Project\GreenStarApp\GreenStarApp\dist\out-tsc\src\studentDatas\shared\studentData.service.js.map
C:\Project\GreenStarApp\GreenStarApp\dist\out-tsc\src\studentDatas\studentDatas.component.js
C:\Project\GreenStarApp\GreenStarApp\dist\out-tsc\src\studentDatas\studentDatas.component.js.map
C:\Project\GreenStarApp\GreenStarApp\dist\out-tsc\src\Sections\shared\Section.model.js
C:\Project\GreenStarApp\GreenStarApp\dist\out-tsc\src\Sections\shared\Section.model.js.map
C:\Project\GreenStarApp\GreenStarApp\dist\out-tsc\src\students\shared\student.service.js
C:\Project\GreenStarApp\GreenStarApp\dist\out-tsc\src\students\shared\student.service.js.map
C:\Project\GreenStarApp\GreenStarApp\dist\out-tsc\src\students\students.component.js
C:\Project\GreenStarApp\GreenStarApp\dist\out-tsc\src\students\students.component.js.map
C:\Project\GreenStarApp\GreenStarApp\dist\out-tsc\src\outreachs\shared\outreach.model.js
C:\Project\GreenStarApp\GreenStarApp\dist\out-tsc\src\outreachs\shared\outreach.model.js.map
C:\Project\GreenStarApp\GreenStarApp\dist\out-tsc\src\outreachs\shared\outreach.service.js
C:\Project\GreenStarApp\GreenStarApp\dist\out-tsc\src\outreachs\shared\outreach.service.js.map
C:\Project\GreenStarApp\GreenStarApp\dist\out-tsc\src\outreachs\outreachs.component.js
C:\Project\GreenStarApp\GreenStarApp\dist\out-tsc\src\outreachs\outreachs.component.js.map
C:\Project\GreenStarApp\GreenStarApp\dist\out-tsc\src\vroles\shared\vrole.model.js
C:\Project\GreenStarApp\GreenStarApp\dist\out-tsc\src\vroles\shared\vrole.model.js.map
C:\Project\GreenStarApp\GreenStarApp\dist\out-tsc\src\vroles\shared\vrole.service.js
C:\Project\GreenStarApp\GreenStarApp\dist\out-tsc\src\vroles\shared\vrole.service.js.map
C:\Project\GreenStarApp\GreenStarApp\dist\out-tsc\src\vroles\vroles.component.js
C:\Project\GreenStarApp\GreenStarApp\dist\out-tsc\src\vroles\vroles.component.js.map
C:\Project\GreenStarApp\GreenStarApp\dist\out-tsc\src\screens\shared\screen.model.js
C:\Project\GreenStarApp\GreenStarApp\dist\out-tsc\src\screens\shared\screen.model.js.map
C:\Project\GreenStarApp\GreenStarApp\dist\out-tsc\src\screens\shared\screen.service.js
C:\Project\GreenStarApp\GreenStarApp\dist\out-tsc\src\screens\shared\screen.service.js.map
C:\Project\GreenStarApp\GreenStarApp\dist\out-tsc\src\screens\screens.component.js
C:\Project\GreenStarApp\GreenStarApp\dist\out-tsc\src\screens\screens.component.js.map
C:\Project\GreenStarApp\GreenStarApp\dist\out-tsc\src\holidayTypes\shared\holidayType.model.js
C:\Project\GreenStarApp\GreenStarApp\dist\out-tsc\src\holidayTypes\shared\holidayType.model.js.map
C:\Project\GreenStarApp\GreenStarApp\dist\out-tsc\src\holidayTypes\shared\holidayType.service.js
C:\Project\GreenStarApp\GreenStarApp\dist\out-tsc\src\holidayTypes\shared\holidayType.service.js.map
C:\Project\GreenStarApp\GreenStarApp\dist\out-tsc\src\holidayTypes\holidayTypes.component.js
C:\Project\GreenStarApp\GreenStarApp\dist\out-tsc\src\holidayTypes\holidayTypes.component.js.map
C:\Project\GreenStarApp\GreenStarApp\dist\out-tsc\src\colors\shared\color.model.js
C:\Project\GreenStarApp\GreenStarApp\dist\out-tsc\src\colors\shared\color.model.js.map
C:\Project\GreenStarApp\GreenStarApp\dist\out-tsc\src\colors\shared\color.service.js
C:\Project\GreenStarApp\GreenStarApp\dist\out-tsc\src\colors\shared\color.service.js.map
C:\Project\GreenStarApp\GreenStarApp\dist\out-tsc\src\colors\colors.component.js
C:\Project\GreenStarApp\GreenStarApp\dist\out-tsc\src\colors\colors.component.js.map
C:\Project\GreenStarApp\GreenStarApp\dist\out-tsc\src\citys\shared\city.model.js
C:\Project\GreenStarApp\GreenStarApp\dist\out-tsc\src\citys\shared\city.model.js.map
C:\Project\GreenStarApp\GreenStarApp\dist\out-tsc\src\citys\shared\city.service.js
C:\Project\GreenStarApp\GreenStarApp\dist\out-tsc\src\citys\shared\city.service.js.map
C:\Project\GreenStarApp\GreenStarApp\dist\out-tsc\src\citys\citys.component.js
C:\Project\GreenStarApp\GreenStarApp\dist\out-tsc\src\citys\citys.component.js.map
C:\Project\GreenStarApp\GreenStarApp\dist\out-tsc\src\schools\shared\school.model.js
C:\Project\GreenStarApp\GreenStarApp\dist\out-tsc\src\schools\shared\school.model.js.map
C:\Project\GreenStarApp\GreenStarApp\dist\out-tsc\src\schools\shared\school.service.js
C:\Project\GreenStarApp\GreenStarApp\dist\out-tsc\src\schools\shared\school.service.js.map
C:\Project\GreenStarApp\GreenStarApp\dist\out-tsc\src\schools\schools.component.js
C:\Project\GreenStarApp\GreenStarApp\dist\out-tsc\src\schools\schools.component.js.map
C:\Project\GreenStarApp\GreenStarApp\dist\out-tsc\src\weekInfos\shared\weekInfo.model.js
C:\Project\GreenStarApp\GreenStarApp\dist\out-tsc\src\weekInfos\shared\weekInfo.model.js.map
C:\Project\GreenStarApp\GreenStarApp\dist\out-tsc\src\weekInfos\shared\weekInfo.service.js
C:\Project\GreenStarApp\GreenStarApp\dist\out-tsc\src\weekInfos\shared\weekInfo.service.js.map
C:\Project\GreenStarApp\GreenStarApp\dist\out-tsc\src\weekInfos\weekInfos.component.js
C:\Project\GreenStarApp\GreenStarApp\dist\out-tsc\src\weekInfos\weekInfos.component.js.map
C:\Project\GreenStarApp\GreenStarApp\dist\out-tsc\src\teachers\shared\teacher.model.js
C:\Project\GreenStarApp\GreenStarApp\dist\out-tsc\src\teachers\shared\teacher.model.js.map
C:\Project\GreenStarApp\GreenStarApp\dist\out-tsc\src\teachers\shared\teacher.service.js
C:\Project\GreenStarApp\GreenStarApp\dist\out-tsc\src\teachers\shared\teacher.service.js.map
C:\Project\GreenStarApp\GreenStarApp\dist\out-tsc\src\teachers\teachers.component.js
C:\Project\GreenStarApp\GreenStarApp\dist\out-tsc\src\teachers\teachers.component.js.map
C:\Project\GreenStarApp\GreenStarApp\dist\out-tsc\src\parameters\shared\parameter.service.js
C:\Project\GreenStarApp\GreenStarApp\dist\out-tsc\src\parameters\shared\parameter.service.js.map
C:\Project\GreenStarApp\GreenStarApp\dist\out-tsc\src\parameters\parameters.component.js
C:\Project\GreenStarApp\GreenStarApp\dist\out-tsc\src\parameters\parameters.component.js.map
C:\Project\GreenStarApp\GreenStarApp\dist\out-tsc\src\standards\shared\standard.model.js
C:\Project\GreenStarApp\GreenStarApp\dist\out-tsc\src\standards\shared\standard.model.js.map
C:\Project\GreenStarApp\GreenStarApp\dist\out-tsc\src\standards\shared\standard.service.js
C:\Project\GreenStarApp\GreenStarApp\dist\out-tsc\src\standards\shared\standard.service.js.map
C:\Project\GreenStarApp\GreenStarApp\dist\out-tsc\src\standards\standards.component.js
C:\Project\GreenStarApp\GreenStarApp\dist\out-tsc\src\standards\standards.component.js.map
C:\Project\GreenStarApp\GreenStarApp\dist\out-tsc\src\sections\shared\section.service.js
C:\Project\GreenStarApp\GreenStarApp\dist\out-tsc\src\sections\shared\section.service.js.map
C:\Project\GreenStarApp\GreenStarApp\dist\out-tsc\src\sections\sections.component.js
C:\Project\GreenStarApp\GreenStarApp\dist\out-tsc\src\sections\sections.component.js.map
C:\Project\GreenStarApp\GreenStarApp\dist\out-tsc\src\teams\shared\team.model.js
C:\Project\GreenStarApp\GreenStarApp\dist\out-tsc\src\teams\shared\team.model.js.map
C:\Project\GreenStarApp\GreenStarApp\dist\out-tsc\src\teams\shared\team.service.js
C:\Project\GreenStarApp\GreenStarApp\dist\out-tsc\src\teams\shared\team.service.js.map
C:\Project\GreenStarApp\GreenStarApp\dist\out-tsc\src\teams\teams.component.js
C:\Project\GreenStarApp\GreenStarApp\dist\out-tsc\src\teams\teams.component.js.map
C:\Project\GreenStarApp\GreenStarApp\dist\out-tsc\src\holidays\shared\holiday.model.js
C:\Project\GreenStarApp\GreenStarApp\dist\out-tsc\src\holidays\shared\holiday.model.js.map
C:\Project\GreenStarApp\GreenStarApp\dist\out-tsc\src\holidays\shared\holiday.service.js
C:\Project\GreenStarApp\GreenStarApp\dist\out-tsc\src\holidays\shared\holiday.service.js.map
C:\Project\GreenStarApp\GreenStarApp\dist\out-tsc\src\holidays\holidays.component.js
C:\Project\GreenStarApp\GreenStarApp\dist\out-tsc\src\holidays\holidays.component.js.map
C:\Project\GreenStarApp\GreenStarApp\dist\out-tsc\src\volunteers\shared\volunteer.model.js
C:\Project\GreenStarApp\GreenStarApp\dist\out-tsc\src\volunteers\shared\volunteer.model.js.map
C:\Project\GreenStarApp\GreenStarApp\dist\out-tsc\src\volunteers\shared\volunteer.service.js
C:\Project\GreenStarApp\GreenStarApp\dist\out-tsc\src\volunteers\shared\volunteer.service.js.map
C:\Project\GreenStarApp\GreenStarApp\dist\out-tsc\src\volunteers\volunteers.component.js
C:\Project\GreenStarApp\GreenStarApp\dist\out-tsc\src\volunteers\volunteers.component.js.map
C:\Project\GreenStarApp\GreenStarApp\dist\out-tsc\src\roleScreenMappings\shared\roleScreenMapping.model.js
C:\Project\GreenStarApp\GreenStarApp\dist\out-tsc\src\roleScreenMappings\shared\roleScreenMapping.model.js.map
C:\Project\GreenStarApp\GreenStarApp\dist\out-tsc\src\roleScreenMappings\shared\roleScreenMapping.service.js
C:\Project\GreenStarApp\GreenStarApp\dist\out-tsc\src\roleScreenMappings\shared\roleScreenMapping.service.js.map
C:\Project\GreenStarApp\GreenStarApp\dist\out-tsc\src\roleScreenMappings\roleScreenMappings.component.js
C:\Project\GreenStarApp\GreenStarApp\dist\out-tsc\src\roleScreenMappings\roleScreenMappings.component.js.map
C:\Project\GreenStarApp\GreenStarApp\dist\out-tsc\src\yearInfos\shared\yearInfo.service.js
C:\Project\GreenStarApp\GreenStarApp\dist\out-tsc\src\yearInfos\shared\yearInfo.service.js.map
C:\Project\GreenStarApp\GreenStarApp\dist\out-tsc\src\yearInfos\yearInfos.component.js
C:\Project\GreenStarApp\GreenStarApp\dist\out-tsc\src\yearInfos\yearInfos.component.js.map
C:\Project\GreenStarApp\GreenStarApp\dist\out-tsc\src\monthInfos\shared\monthInfo.service.js
C:\Project\GreenStarApp\GreenStarApp\dist\out-tsc\src\monthInfos\shared\monthInfo.service.js.map
C:\Project\GreenStarApp\GreenStarApp\dist\out-tsc\src\monthInfos\monthInfos.component.js
C:\Project\GreenStarApp\GreenStarApp\dist\out-tsc\src\monthInfos\monthInfos.component.js.map
C:\Project\GreenStarApp\GreenStarApp\dist\out-tsc\src\dayInfos\shared\dayInfo.service.js
C:\Project\GreenStarApp\GreenStarApp\dist\out-tsc\src\dayInfos\shared\dayInfo.service.js.map
C:\Project\GreenStarApp\GreenStarApp\dist\out-tsc\src\dayInfos\dayInfos.component.js
C:\Project\GreenStarApp\GreenStarApp\dist\out-tsc\src\dayInfos\dayInfos.component.js.map
C:\Project\GreenStarApp\GreenStarApp\dist\out-tsc\src\teamStudentMappings\shared\teamStudentMapping.model.js
C:\Project\GreenStarApp\GreenStarApp\dist\out-tsc\src\teamStudentMappings\shared\teamStudentMapping.model.js.map
C:\Project\GreenStarApp\GreenStarApp\dist\out-tsc\src\teamStudentMappings\shared\teamStudentMapping.service.js
C:\Project\GreenStarApp\GreenStarApp\dist\out-tsc\src\teamStudentMappings\shared\teamStudentMapping.service.js.map
C:\Project\GreenStarApp\GreenStarApp\dist\out-tsc\src\teamStudentMappings\teamStudentMappings.component.js
C:\Project\GreenStarApp\GreenStarApp\dist\out-tsc\src\teamStudentMappings\teamStudentMappings.component.js.map
C:\Project\GreenStarApp\GreenStarApp\dist\out-tsc\src\logins\shared\login.model.js
C:\Project\GreenStarApp\GreenStarApp\dist\out-tsc\src\logins\shared\login.model.js.map
C:\Project\GreenStarApp\GreenStarApp\dist\out-tsc\src\logins\shared\login.service.js
C:\Project\GreenStarApp\GreenStarApp\dist\out-tsc\src\logins\shared\login.service.js.map
C:\Project\GreenStarApp\GreenStarApp\dist\out-tsc\src\logins\logins.component.js
C:\Project\GreenStarApp\GreenStarApp\dist\out-tsc\src\logins\logins.component.js.map
C:\Project\GreenStarApp\GreenStarApp\dist\out-tsc\src\teamWiseTrackings\shared\teamWiseTracking.model.js
C:\Project\GreenStarApp\GreenStarApp\dist\out-tsc\src\teamWiseTrackings\shared\teamWiseTracking.model.js.map
C:\Project\GreenStarApp\GreenStarApp\dist\out-tsc\src\teamWiseTrackings\shared\teamWiseTracking.service.js
C:\Project\GreenStarApp\GreenStarApp\dist\out-tsc\src\teamWiseTrackings\shared\teamWiseTracking.service.js.map
C:\Project\GreenStarApp\GreenStarApp\dist\out-tsc\src\teamWiseTrackings\teamWiseTrackings.component.js
C:\Project\GreenStarApp\GreenStarApp\dist\out-tsc\src\teamWiseTrackings\teamWiseTrackings.component.js.map
C:\Project\GreenStarApp\GreenStarApp\dist\out-tsc\src\excelDatas\shared\excelData.model.js
C:\Project\GreenStarApp\GreenStarApp\dist\out-tsc\src\excelDatas\shared\excelData.model.js.map
C:\Project\GreenStarApp\GreenStarApp\dist\out-tsc\src\excelDatas\shared\excelData.service.js
C:\Project\GreenStarApp\GreenStarApp\dist\out-tsc\src\excelDatas\shared\excelData.service.js.map
C:\Project\GreenStarApp\GreenStarApp\dist\out-tsc\src\excelDatas\excelDatas.component.js
C:\Project\GreenStarApp\GreenStarApp\dist\out-tsc\src\excelDatas\excelDatas.component.js.map
C:\Project\GreenStarApp\GreenStarApp\dist\out-tsc\src\classWiseTrackings\shared\classWiseTracking.model.js
C:\Project\GreenStarApp\GreenStarApp\dist\out-tsc\src\classWiseTrackings\shared\classWiseTracking.model.js.map
C:\Project\GreenStarApp\GreenStarApp\dist\out-tsc\src\classWiseTrackings\shared\classWiseTracking.service.js
C:\Project\GreenStarApp\GreenStarApp\dist\out-tsc\src\classWiseTrackings\shared\classWiseTracking.service.js.map
C:\Project\GreenStarApp\GreenStarApp\dist\out-tsc\src\classWiseTrackings\classWiseTrackings.component.js
C:\Project\GreenStarApp\GreenStarApp\dist\out-tsc\src\classWiseTrackings\classWiseTrackings.component.js.map
C:\Project\GreenStarApp\GreenStarApp\dist\out-tsc\src\individualTrackings\shared\individualTracking.model.js
C:\Project\GreenStarApp\GreenStarApp\dist\out-tsc\src\individualTrackings\shared\individualTracking.model.js.map
C:\Project\GreenStarApp\GreenStarApp\dist\out-tsc\src\individualTrackings\shared\individualTracking.service.js
C:\Project\GreenStarApp\GreenStarApp\dist\out-tsc\src\individualTrackings\shared\individualTracking.service.js.map
C:\Project\GreenStarApp\GreenStarApp\dist\out-tsc\src\individualTrackings\individualTrackings.component.js
C:\Project\GreenStarApp\GreenStarApp\dist\out-tsc\src\individualTrackings\individualTrackings.component.js.map
C:\Project\GreenStarApp\GreenStarApp\dist\out-tsc\src\comparativeCharts\shared\comparativeChart.model.js
C:\Project\GreenStarApp\GreenStarApp\dist\out-tsc\src\comparativeCharts\shared\comparativeChart.model.js.map
C:\Project\GreenStarApp\GreenStarApp\dist\out-tsc\src\comparativeCharts\shared\comparativeChart.service.js
C:\Project\GreenStarApp\GreenStarApp\dist\out-tsc\src\comparativeCharts\shared\comparativeChart.service.js.map
C:\Project\GreenStarApp\GreenStarApp\dist\out-tsc\src\comparativeCharts\comparativeCharts.component.js
C:\Project\GreenStarApp\GreenStarApp\dist\out-tsc\src\comparativeCharts\comparativeCharts.component.js.map
C:\Project\GreenStarApp\GreenStarApp\dist\out-tsc\src\app\dashboard\dashboard.component.js
C:\Project\GreenStarApp\GreenStarApp\dist\out-tsc\src\app\dashboard\dashboard.component.js.map
C:\Project\GreenStarApp\GreenStarApp\dist\out-tsc\src\app\app-routing.module.js
C:\Project\GreenStarApp\GreenStarApp\dist\out-tsc\src\app\app-routing.module.js.map
C:\Project\GreenStarApp\GreenStarApp\dist\out-tsc\src\studentDatas\studentData\studentData.component.js
C:\Project\GreenStarApp\GreenStarApp\dist\out-tsc\src\studentDatas\studentData\studentData.component.js.map
C:\Project\GreenStarApp\GreenStarApp\dist\out-tsc\src\studentDatas\studentData-list\studentData-list.component.js
C:\Project\GreenStarApp\GreenStarApp\dist\out-tsc\src\studentDatas\studentData-list\studentData-list.component.js.map
C:\Project\GreenStarApp\GreenStarApp\dist\out-tsc\src\students\student\student.component.js
C:\Project\GreenStarApp\GreenStarApp\dist\out-tsc\src\students\student\student.component.js.map
C:\Project\GreenStarApp\GreenStarApp\dist\out-tsc\src\students\student-list\student-list.component.js
C:\Project\GreenStarApp\GreenStarApp\dist\out-tsc\src\students\student-list\student-list.component.js.map
C:\Project\GreenStarApp\GreenStarApp\dist\out-tsc\src\outreachs\outreach\outreach.component.js
C:\Project\GreenStarApp\GreenStarApp\dist\out-tsc\src\outreachs\outreach\outreach.component.js.map
C:\Project\GreenStarApp\GreenStarApp\dist\out-tsc\src\outreachs\outreach-list\outreach-list.component.js
C:\Project\GreenStarApp\GreenStarApp\dist\out-tsc\src\outreachs\outreach-list\outreach-list.component.js.map
C:\Project\GreenStarApp\GreenStarApp\dist\out-tsc\src\vroles\vrole\vrole.component.js
C:\Project\GreenStarApp\GreenStarApp\dist\out-tsc\src\vroles\vrole\vrole.component.js.map
C:\Project\GreenStarApp\GreenStarApp\dist\out-tsc\src\vroles\vrole-list\vrole-list.component.js
C:\Project\GreenStarApp\GreenStarApp\dist\out-tsc\src\vroles\vrole-list\vrole-list.component.js.map
C:\Project\GreenStarApp\GreenStarApp\dist\out-tsc\src\screens\screen\screen.component.js
C:\Project\GreenStarApp\GreenStarApp\dist\out-tsc\src\screens\screen\screen.component.js.map
C:\Project\GreenStarApp\GreenStarApp\dist\out-tsc\src\screens\screen-list\screen-list.component.js
C:\Project\GreenStarApp\GreenStarApp\dist\out-tsc\src\screens\screen-list\screen-list.component.js.map
C:\Project\GreenStarApp\GreenStarApp\dist\out-tsc\src\holidayTypes\holidayType\holidayType.component.js
C:\Project\GreenStarApp\GreenStarApp\dist\out-tsc\src\holidayTypes\holidayType\holidayType.component.js.map
C:\Project\GreenStarApp\GreenStarApp\dist\out-tsc\src\holidayTypes\holidayType-list\holidayType-list.component.js
C:\Project\GreenStarApp\GreenStarApp\dist\out-tsc\src\holidayTypes\holidayType-list\holidayType-list.component.js.map
C:\Project\GreenStarApp\GreenStarApp\dist\out-tsc\src\colors\color\color.component.js
C:\Project\GreenStarApp\GreenStarApp\dist\out-tsc\src\colors\color\color.component.js.map
C:\Project\GreenStarApp\GreenStarApp\dist\out-tsc\src\colors\color-list\color-list.component.js
C:\Project\GreenStarApp\GreenStarApp\dist\out-tsc\src\colors\color-list\color-list.component.js.map
C:\Project\GreenStarApp\GreenStarApp\dist\out-tsc\src\citys\city\city.component.js
C:\Project\GreenStarApp\GreenStarApp\dist\out-tsc\src\citys\city\city.component.js.map
C:\Project\GreenStarApp\GreenStarApp\dist\out-tsc\src\citys\city-list\city-list.component.js
C:\Project\GreenStarApp\GreenStarApp\dist\out-tsc\src\citys\city-list\city-list.component.js.map
C:\Project\GreenStarApp\GreenStarApp\dist\out-tsc\src\schools\school\school.component.js
C:\Project\GreenStarApp\GreenStarApp\dist\out-tsc\src\schools\school\school.component.js.map
C:\Project\GreenStarApp\GreenStarApp\dist\out-tsc\src\schools\school-list\school-list.component.js
C:\Project\GreenStarApp\GreenStarApp\dist\out-tsc\src\schools\school-list\school-list.component.js.map
C:\Project\GreenStarApp\GreenStarApp\dist\out-tsc\src\weekInfos\weekInfo\weekInfo.component.js
C:\Project\GreenStarApp\GreenStarApp\dist\out-tsc\src\weekInfos\weekInfo\weekInfo.component.js.map
C:\Project\GreenStarApp\GreenStarApp\dist\out-tsc\src\weekInfos\weekInfo-list\weekInfo-list.component.js
C:\Project\GreenStarApp\GreenStarApp\dist\out-tsc\src\weekInfos\weekInfo-list\weekInfo-list.component.js.map
C:\Project\GreenStarApp\GreenStarApp\dist\out-tsc\src\teachers\teacher\teacher.component.js
C:\Project\GreenStarApp\GreenStarApp\dist\out-tsc\src\teachers\teacher\teacher.component.js.map
C:\Project\GreenStarApp\GreenStarApp\dist\out-tsc\src\teachers\teacher-list\teacher-list.component.js
C:\Project\GreenStarApp\GreenStarApp\dist\out-tsc\src\teachers\teacher-list\teacher-list.component.js.map
C:\Project\GreenStarApp\GreenStarApp\dist\out-tsc\src\parameters\parameter\parameter.component.js
C:\Project\GreenStarApp\GreenStarApp\dist\out-tsc\src\parameters\parameter\parameter.component.js.map
C:\Project\GreenStarApp\GreenStarApp\dist\out-tsc\src\parameters\parameter-list\parameter-list.component.js
C:\Project\GreenStarApp\GreenStarApp\dist\out-tsc\src\parameters\parameter-list\parameter-list.component.js.map
C:\Project\GreenStarApp\GreenStarApp\dist\out-tsc\src\standards\standard\standard.component.js
C:\Project\GreenStarApp\GreenStarApp\dist\out-tsc\src\standards\standard\standard.component.js.map
C:\Project\GreenStarApp\GreenStarApp\dist\out-tsc\src\standards\standard-list\standard-list.component.js
C:\Project\GreenStarApp\GreenStarApp\dist\out-tsc\src\standards\standard-list\standard-list.component.js.map
C:\Project\GreenStarApp\GreenStarApp\dist\out-tsc\src\sections\section\section.component.js
C:\Project\GreenStarApp\GreenStarApp\dist\out-tsc\src\sections\section\section.component.js.map
C:\Project\GreenStarApp\GreenStarApp\dist\out-tsc\src\sections\section-list\section-list.component.js
C:\Project\GreenStarApp\GreenStarApp\dist\out-tsc\src\sections\section-list\section-list.component.js.map
C:\Project\GreenStarApp\GreenStarApp\dist\out-tsc\src\teams\team\team.component.js
C:\Project\GreenStarApp\GreenStarApp\dist\out-tsc\src\teams\team\team.component.js.map
C:\Project\GreenStarApp\GreenStarApp\dist\out-tsc\src\teams\team-list\team-list.component.js
C:\Project\GreenStarApp\GreenStarApp\dist\out-tsc\src\teams\team-list\team-list.component.js.map
C:\Project\GreenStarApp\GreenStarApp\dist\out-tsc\src\holidays\holiday\holiday.component.js
C:\Project\GreenStarApp\GreenStarApp\dist\out-tsc\src\holidays\holiday\holiday.component.js.map
C:\Project\GreenStarApp\GreenStarApp\dist\out-tsc\src\holidays\holiday-list\holiday-list.component.js
C:\Project\GreenStarApp\GreenStarApp\dist\out-tsc\src\holidays\holiday-list\holiday-list.component.js.map
C:\Project\GreenStarApp\GreenStarApp\dist\out-tsc\src\volunteers\volunteer\volunteer.component.js
C:\Project\GreenStarApp\GreenStarApp\dist\out-tsc\src\volunteers\volunteer\volunteer.component.js.map
C:\Project\GreenStarApp\GreenStarApp\dist\out-tsc\src\volunteers\volunteer-list\volunteer-list.component.js
C:\Project\GreenStarApp\GreenStarApp\dist\out-tsc\src\volunteers\volunteer-list\volunteer-list.component.js.map
C:\Project\GreenStarApp\GreenStarApp\dist\out-tsc\src\roleScreenMappings\roleScreenMapping\roleScreenMapping.component.js
C:\Project\GreenStarApp\GreenStarApp\dist\out-tsc\src\roleScreenMappings\roleScreenMapping\roleScreenMapping.component.js.map
C:\Project\GreenStarApp\GreenStarApp\dist\out-tsc\src\roleScreenMappings\roleScreenMapping-list\roleScreenMapping-list.component.js
C:\Project\GreenStarApp\GreenStarApp\dist\out-tsc\src\roleScreenMappings\roleScreenMapping-list\roleScreenMapping-list.component.js.map
C:\Project\GreenStarApp\GreenStarApp\dist\out-tsc\src\yearInfos\yearInfo\yearInfo.component.js
C:\Project\GreenStarApp\GreenStarApp\dist\out-tsc\src\yearInfos\yearInfo\yearInfo.component.js.map
C:\Project\GreenStarApp\GreenStarApp\dist\out-tsc\src\yearInfos\yearInfo-list\yearInfo-list.component.js
C:\Project\GreenStarApp\GreenStarApp\dist\out-tsc\src\yearInfos\yearInfo-list\yearInfo-list.component.js.map
C:\Project\GreenStarApp\GreenStarApp\dist\out-tsc\src\monthInfos\monthInfo\monthInfo.component.js
C:\Project\GreenStarApp\GreenStarApp\dist\out-tsc\src\monthInfos\monthInfo\monthInfo.component.js.map
C:\Project\GreenStarApp\GreenStarApp\dist\out-tsc\src\monthInfos\monthInfo-list\monthInfo-list.component.js
C:\Project\GreenStarApp\GreenStarApp\dist\out-tsc\src\monthInfos\monthInfo-list\monthInfo-list.component.js.map
C:\Project\GreenStarApp\GreenStarApp\dist\out-tsc\src\dayInfos\dayInfo\dayInfo.component.js
C:\Project\GreenStarApp\GreenStarApp\dist\out-tsc\src\dayInfos\dayInfo\dayInfo.component.js.map
C:\Project\GreenStarApp\GreenStarApp\dist\out-tsc\src\dayInfos\dayInfo-list\dayInfo-list.component.js
C:\Project\GreenStarApp\GreenStarApp\dist\out-tsc\src\dayInfos\dayInfo-list\dayInfo-list.component.js.map
C:\Project\GreenStarApp\GreenStarApp\dist\out-tsc\src\teamStudentMappings\teamStudentMapping\teamStudentMapping.component.js
C:\Project\GreenStarApp\GreenStarApp\dist\out-tsc\src\teamStudentMappings\teamStudentMapping\teamStudentMapping.component.js.map
C:\Project\GreenStarApp\GreenStarApp\dist\out-tsc\src\teamStudentMappings\teamStudentMapping-list\teamStudentMapping-list.component.js
C:\Project\GreenStarApp\GreenStarApp\dist\out-tsc\src\teamStudentMappings\teamStudentMapping-list\teamStudentMapping-list.component.js.map
C:\Project\GreenStarApp\GreenStarApp\dist\out-tsc\src\logins\login\login.component.js
C:\Project\GreenStarApp\GreenStarApp\dist\out-tsc\src\logins\login\login.component.js.map
C:\Project\GreenStarApp\GreenStarApp\dist\out-tsc\src\logins\login-list\login-list.component.js
C:\Project\GreenStarApp\GreenStarApp\dist\out-tsc\src\logins\login-list\login-list.component.js.map
C:\Project\GreenStarApp\GreenStarApp\dist\out-tsc\src\teamWiseTrackings\teamWiseTracking\teamWiseTracking.component.js
C:\Project\GreenStarApp\GreenStarApp\dist\out-tsc\src\teamWiseTrackings\teamWiseTracking\teamWiseTracking.component.js.map
C:\Project\GreenStarApp\GreenStarApp\dist\out-tsc\src\teamWiseTrackings\teamWiseTracking-list\teamWiseTracking-list.component.js
C:\Project\GreenStarApp\GreenStarApp\dist\out-tsc\src\teamWiseTrackings\teamWiseTracking-list\teamWiseTracking-list.component.js.map
C:\Project\GreenStarApp\GreenStarApp\dist\out-tsc\src\excelDatas\excelData\excelData.component.js
C:\Project\GreenStarApp\GreenStarApp\dist\out-tsc\src\excelDatas\excelData\excelData.component.js.map
C:\Project\GreenStarApp\GreenStarApp\dist\out-tsc\src\excelDatas\excelData-list\excelData-list.component.js
C:\Project\GreenStarApp\GreenStarApp\dist\out-tsc\src\excelDatas\excelData-list\excelData-list.component.js.map
C:\Project\GreenStarApp\GreenStarApp\dist\out-tsc\src\classWiseTrackings\classWiseTracking\classWiseTracking.component.js
C:\Project\GreenStarApp\GreenStarApp\dist\out-tsc\src\classWiseTrackings\classWiseTracking\classWiseTracking.component.js.map
C:\Project\GreenStarApp\GreenStarApp\dist\out-tsc\src\classWiseTrackings\classWiseTracking-list\classWiseTracking-list.component.js
C:\Project\GreenStarApp\GreenStarApp\dist\out-tsc\src\classWiseTrackings\classWiseTracking-list\classWiseTracking-list.component.js.map
C:\Project\GreenStarApp\GreenStarApp\dist\out-tsc\src\individualTrackings\individualTracking\individualTracking.component.js
C:\Project\GreenStarApp\GreenStarApp\dist\out-tsc\src\individualTrackings\individualTracking\individualTracking.component.js.map
C:\Project\GreenStarApp\GreenStarApp\dist\out-tsc\src\individualTrackings\individualTracking-list\individualTracking-list.component.js
C:\Project\GreenStarApp\GreenStarApp\dist\out-tsc\src\individualTrackings\individualTracking-list\individualTracking-list.component.js.map
C:\Project\GreenStarApp\GreenStarApp\dist\out-tsc\src\comparativeCharts\comparativeChart\comparativeChart.component.js
C:\Project\GreenStarApp\GreenStarApp\dist\out-tsc\src\comparativeCharts\comparativeChart\comparativeChart.component.js.map
C:\Project\GreenStarApp\GreenStarApp\dist\out-tsc\src\comparativeCharts\comparativeChart-list\comparativeChart-list.component.js
C:\Project\GreenStarApp\GreenStarApp\dist\out-tsc\src\comparativeCharts\comparativeChart-list\comparativeChart-list.component.js.map
C:\Project\GreenStarApp\GreenStarApp\dist\out-tsc\src\app\formlayout\formlayout.component.js
C:\Project\GreenStarApp\GreenStarApp\dist\out-tsc\src\app\formlayout\formlayout.component.js.map
C:\Project\GreenStarApp\GreenStarApp\dist\out-tsc\src\app\header\header.component.js
C:\Project\GreenStarApp\GreenStarApp\dist\out-tsc\src\app\header\header.component.js.map
C:\Project\GreenStarApp\GreenStarApp\dist\out-tsc\src\app\layout\layout.component.js
C:\Project\GreenStarApp\GreenStarApp\dist\out-tsc\src\app\layout\layout.component.js.map
C:\Project\GreenStarApp\GreenStarApp\dist\out-tsc\src\app\sidebar\sidebar.component.js
C:\Project\GreenStarApp\GreenStarApp\dist\out-tsc\src\app\sidebar\sidebar.component.js.map
C:\Project\GreenStarApp\GreenStarApp\dist\out-tsc\src\app\green-star-by-student\green-star-by-student.component.js
C:\Project\GreenStarApp\GreenStarApp\dist\out-tsc\src\app\green-star-by-student\green-star-by-student.component.js.map
C:\Project\GreenStarApp\GreenStarApp\dist\out-tsc\src\app\app.module.js
C:\Project\GreenStarApp\GreenStarApp\dist\out-tsc\src\app\app.module.js.map
C:\Project\GreenStarApp\GreenStarApp\dist\out-tsc\src\environments\environment.js
C:\Project\GreenStarApp\GreenStarApp\dist\out-tsc\src\environments\environment.js.map
C:\Project\GreenStarApp\GreenStarApp\dist\out-tsc\src\main.js
C:\Project\GreenStarApp\GreenStarApp\dist\out-tsc\src\main.js.map
C:\Project\GreenStarApp\GreenStarApp\dist\out-tsc\src\polyfills.js
C:\Project\GreenStarApp\GreenStarApp\dist\out-tsc\src\polyfills.js.map
C:\Project\GreenStarApp\GreenStarApp\dist\out-tsc\src\test.js
C:\Project\GreenStarApp\GreenStarApp\dist\out-tsc\src\test.js.map
C:\Project\GreenStarApp\GreenStarApp\dist\out-tsc\e2e\src\app.po.js
C:\Project\GreenStarApp\GreenStarApp\dist\out-tsc\e2e\src\app.po.js.map
C:\Project\GreenStarApp\GreenStarApp\dist\out-tsc\e2e\src\app.e2e-spec.js
C:\Project\GreenStarApp\GreenStarApp\dist\out-tsc\e2e\src\app.e2e-spec.js.map
C:\Project\GreenStarApp\GreenStarApp\dist\out-tsc\src\environments\environment.prod.js
C:\Project\GreenStarApp\GreenStarApp\dist\out-tsc\src\environments\environment.prod.js.map
C:\Project\GreenStarApp\GreenStarApp\dist\out-tsc\src\citys\shared\city.service.spec.js
C:\Project\GreenStarApp\GreenStarApp\dist\out-tsc\src\citys\shared\city.service.spec.js.map
C:\Project\GreenStarApp\GreenStarApp\dist\out-tsc\src\classWiseTrackings\shared\classWiseTracking.service.spec.js
C:\Project\GreenStarApp\GreenStarApp\dist\out-tsc\src\classWiseTrackings\shared\classWiseTracking.service.spec.js.map
C:\Project\GreenStarApp\GreenStarApp\dist\out-tsc\src\colors\shared\color.service.spec.js
C:\Project\GreenStarApp\GreenStarApp\dist\out-tsc\src\colors\shared\color.service.spec.js.map
C:\Project\GreenStarApp\GreenStarApp\dist\out-tsc\src\dayInfos\shared\dayinfo.service.spec.js
C:\Project\GreenStarApp\GreenStarApp\dist\out-tsc\src\dayInfos\shared\dayinfo.service.spec.js.map
C:\Project\GreenStarApp\GreenStarApp\dist\out-tsc\src\holidays\shared\holiday.service.spec.js
C:\Project\GreenStarApp\GreenStarApp\dist\out-tsc\src\holidays\shared\holiday.service.spec.js.map
C:\Project\GreenStarApp\GreenStarApp\dist\out-tsc\src\holidayTypes\shared\holidayType.service.spec.js
C:\Project\GreenStarApp\GreenStarApp\dist\out-tsc\src\holidayTypes\shared\holidayType.service.spec.js.map
C:\Project\GreenStarApp\GreenStarApp\dist\out-tsc\src\monthInfos\shared\monthinfo.service.spec.js
C:\Project\GreenStarApp\GreenStarApp\dist\out-tsc\src\monthInfos\shared\monthinfo.service.spec.js.map
C:\Project\GreenStarApp\GreenStarApp\dist\out-tsc\src\outreachs\shared\outreach.service.spec.js
C:\Project\GreenStarApp\GreenStarApp\dist\out-tsc\src\outreachs\shared\outreach.service.spec.js.map
C:\Project\GreenStarApp\GreenStarApp\dist\out-tsc\src\parameters\shared\parameter.service.spec.js
C:\Project\GreenStarApp\GreenStarApp\dist\out-tsc\src\parameters\shared\parameter.service.spec.js.map
C:\Project\GreenStarApp\GreenStarApp\dist\out-tsc\src\roleScreenMappings\shared\roleScreenMapping.service.spec.js
C:\Project\GreenStarApp\GreenStarApp\dist\out-tsc\src\roleScreenMappings\shared\roleScreenMapping.service.spec.js.map
C:\Project\GreenStarApp\GreenStarApp\dist\out-tsc\src\schools\shared\school.service.spec.js
C:\Project\GreenStarApp\GreenStarApp\dist\out-tsc\src\schools\shared\school.service.spec.js.map
C:\Project\GreenStarApp\GreenStarApp\dist\out-tsc\src\screens\shared\screen.service.spec.js
C:\Project\GreenStarApp\GreenStarApp\dist\out-tsc\src\screens\shared\screen.service.spec.js.map
C:\Project\GreenStarApp\GreenStarApp\dist\out-tsc\src\sections\shared\section.service.spec.js
C:\Project\GreenStarApp\GreenStarApp\dist\out-tsc\src\sections\shared\section.service.spec.js.map
C:\Project\GreenStarApp\GreenStarApp\dist\out-tsc\src\standards\shared\standard.service.spec.js
C:\Project\GreenStarApp\GreenStarApp\dist\out-tsc\src\standards\shared\standard.service.spec.js.map
C:\Project\GreenStarApp\GreenStarApp\dist\out-tsc\src\studentDatas\shared\studentData.service.spec.js
C:\Project\GreenStarApp\GreenStarApp\dist\out-tsc\src\studentDatas\shared\studentData.service.spec.js.map
C:\Project\GreenStarApp\GreenStarApp\dist\out-tsc\src\students\shared\student.service.spec.js
C:\Project\GreenStarApp\GreenStarApp\dist\out-tsc\src\students\shared\student.service.spec.js.map
C:\Project\GreenStarApp\GreenStarApp\dist\out-tsc\src\teachers\shared\teacher.service.spec.js
C:\Project\GreenStarApp\GreenStarApp\dist\out-tsc\src\teachers\shared\teacher.service.spec.js.map
C:\Project\GreenStarApp\GreenStarApp\dist\out-tsc\src\teams\shared\team.service.spec.js
C:\Project\GreenStarApp\GreenStarApp\dist\out-tsc\src\teams\shared\team.service.spec.js.map
C:\Project\GreenStarApp\GreenStarApp\dist\out-tsc\src\teamStudentMappings\shared\teamStudentMapping.service.spec.js
C:\Project\GreenStarApp\GreenStarApp\dist\out-tsc\src\teamStudentMappings\shared\teamStudentMapping.service.spec.js.map
C:\Project\GreenStarApp\GreenStarApp\dist\out-tsc\src\teamWiseTrackings\shared\teamWiseTracking.service.spec.js
C:\Project\GreenStarApp\GreenStarApp\dist\out-tsc\src\teamWiseTrackings\shared\teamWiseTracking.service.spec.js.map
C:\Project\GreenStarApp\GreenStarApp\dist\out-tsc\src\volunteers\shared\volunteer.service.spec.js
C:\Project\GreenStarApp\GreenStarApp\dist\out-tsc\src\volunteers\shared\volunteer.service.spec.js.map
C:\Project\GreenStarApp\GreenStarApp\dist\out-tsc\src\vroles\shared\vrole.service.spec.js
C:\Project\GreenStarApp\GreenStarApp\dist\out-tsc\src\vroles\shared\vrole.service.spec.js.map
C:\Project\GreenStarApp\GreenStarApp\dist\out-tsc\src\weekInfos\shared\weekInfo.service.spec.js
C:\Project\GreenStarApp\GreenStarApp\dist\out-tsc\src\weekInfos\shared\weekInfo.service.spec.js.map
C:\Project\GreenStarApp\GreenStarApp\dist\out-tsc\src\yearInfos\shared\yearInfo.service.spec.js
C:\Project\GreenStarApp\GreenStarApp\dist\out-tsc\src\yearInfos\shared\yearInfo.service.spec.js.map
